mode: atomic
github.com/th3g3ntl3m3n/emplyee_db/main.go:7.13,8.57 1 0
github.com/th3g3ntl3m3n/emplyee_db/main.go:8.57,9.30 1 0
github.com/th3g3ntl3m3n/emplyee_db/main.go:7.13,8.57 1 0
github.com/th3g3ntl3m3n/emplyee_db/main.go:8.57,9.30 1 0
github.com/th3g3ntl3m3n/emplyee_db/cmd/handler.go:18.28,22.2 1 0
github.com/th3g3ntl3m3n/emplyee_db/cmd/handler.go:24.73,28.41 3 0
github.com/th3g3ntl3m3n/emplyee_db/cmd/handler.go:28.41,32.3 3 0
github.com/th3g3ntl3m3n/emplyee_db/cmd/handler.go:34.2,38.16 4 0
github.com/th3g3ntl3m3n/emplyee_db/cmd/handler.go:38.16,42.3 3 0
github.com/th3g3ntl3m3n/emplyee_db/cmd/handler.go:44.2,46.32 3 0
github.com/th3g3ntl3m3n/emplyee_db/cmd/handler.go:49.73,51.61 2 0
github.com/th3g3ntl3m3n/emplyee_db/cmd/handler.go:51.61,55.3 3 0
github.com/th3g3ntl3m3n/emplyee_db/cmd/handler.go:60.2,60.61 1 0
github.com/th3g3ntl3m3n/emplyee_db/cmd/handler.go:60.61,64.3 3 0
github.com/th3g3ntl3m3n/emplyee_db/cmd/handler.go:66.2,70.32 4 0
github.com/th3g3ntl3m3n/emplyee_db/cmd/handler.go:73.74,76.16 3 0
github.com/th3g3ntl3m3n/emplyee_db/cmd/handler.go:76.16,81.3 3 0
github.com/th3g3ntl3m3n/emplyee_db/cmd/handler.go:83.2,84.36 2 0
github.com/th3g3ntl3m3n/emplyee_db/cmd/handler.go:84.36,89.3 3 0
github.com/th3g3ntl3m3n/emplyee_db/cmd/handler.go:91.2,93.32 3 0
github.com/th3g3ntl3m3n/emplyee_db/cmd/handler.go:96.73,98.61 2 0
github.com/th3g3ntl3m3n/emplyee_db/cmd/handler.go:98.61,103.3 3 0
github.com/th3g3ntl3m3n/emplyee_db/cmd/handler.go:105.2,107.16 3 0
github.com/th3g3ntl3m3n/emplyee_db/cmd/handler.go:107.16,112.3 3 0
github.com/th3g3ntl3m3n/emplyee_db/cmd/handler.go:117.2,117.61 1 0
github.com/th3g3ntl3m3n/emplyee_db/cmd/handler.go:117.61,122.3 3 0
github.com/th3g3ntl3m3n/emplyee_db/cmd/handler.go:124.2,126.36 3 0
github.com/th3g3ntl3m3n/emplyee_db/cmd/handler.go:126.36,131.3 3 0
github.com/th3g3ntl3m3n/emplyee_db/cmd/handler.go:133.2,135.32 3 0
github.com/th3g3ntl3m3n/emplyee_db/cmd/handler.go:138.73,141.16 3 0
github.com/th3g3ntl3m3n/emplyee_db/cmd/handler.go:141.16,146.3 3 0
github.com/th3g3ntl3m3n/emplyee_db/cmd/handler.go:148.2,149.36 2 0
github.com/th3g3ntl3m3n/emplyee_db/cmd/handler.go:149.36,154.3 3 0
github.com/th3g3ntl3m3n/emplyee_db/cmd/handler.go:156.2,156.44 1 0
github.com/th3g3ntl3m3n/emplyee_db/cmd/server.go:9.31,25.2 10 0
github.com/th3g3ntl3m3n/emplyee_db/internal/db/db.go:34.23,36.2 1 1
github.com/th3g3ntl3m3n/emplyee_db/internal/db/db.go:38.66,41.14 2 6
github.com/th3g3ntl3m3n/emplyee_db/internal/db/db.go:41.14,43.3 1 1
github.com/th3g3ntl3m3n/emplyee_db/internal/db/db.go:45.2,46.15 2 6
github.com/th3g3ntl3m3n/emplyee_db/internal/db/db.go:46.15,48.3 1 3
github.com/th3g3ntl3m3n/emplyee_db/internal/db/db.go:50.2,50.41 1 6
github.com/th3g3ntl3m3n/emplyee_db/internal/db/db.go:53.67,55.36 1 5
github.com/th3g3ntl3m3n/emplyee_db/internal/db/db.go:55.36,56.27 1 49
github.com/th3g3ntl3m3n/emplyee_db/internal/db/db.go:56.27,58.4 1 3
github.com/th3g3ntl3m3n/emplyee_db/internal/db/db.go:61.2,61.32 1 2
github.com/th3g3ntl3m3n/emplyee_db/internal/db/db.go:64.66,66.31 1 2
github.com/th3g3ntl3m3n/emplyee_db/internal/db/db.go:66.31,68.28 2 18
github.com/th3g3ntl3m3n/emplyee_db/internal/db/db.go:68.28,75.4 5 1
github.com/th3g3ntl3m3n/emplyee_db/internal/db/db.go:78.2,78.32 1 1
github.com/th3g3ntl3m3n/emplyee_db/internal/db/db.go:80.54,82.42 1 2
github.com/th3g3ntl3m3n/emplyee_db/internal/db/db.go:82.42,83.42 1 22
github.com/th3g3ntl3m3n/emplyee_db/internal/db/db.go:83.42,87.4 2 1
github.com/th3g3ntl3m3n/emplyee_db/internal/db/db.go:90.2,90.20 1 1
github.com/th3g3ntl3m3n/emplyee_db/internal/db/db.go:92.66,98.2 4 1
github.com/th3g3ntl3m3n/emplyee_db/internal/db/mock_db.go:15.27,17.2 1 14
github.com/th3g3ntl3m3n/emplyee_db/main.go:7.13,8.57 1 0
github.com/th3g3ntl3m3n/emplyee_db/main.go:8.57,9.30 1 0
github.com/th3g3ntl3m3n/emplyee_db/cmd/handler.go:18.28,22.2 1 15
github.com/th3g3ntl3m3n/emplyee_db/cmd/handler.go:24.73,28.41 3 2
github.com/th3g3ntl3m3n/emplyee_db/cmd/handler.go:28.41,32.3 3 1
github.com/th3g3ntl3m3n/emplyee_db/cmd/handler.go:34.2,38.16 4 1
github.com/th3g3ntl3m3n/emplyee_db/cmd/handler.go:38.16,42.3 3 0
github.com/th3g3ntl3m3n/emplyee_db/cmd/handler.go:44.2,46.32 3 1
github.com/th3g3ntl3m3n/emplyee_db/cmd/handler.go:49.73,51.61 2 11
github.com/th3g3ntl3m3n/emplyee_db/cmd/handler.go:51.61,55.3 3 1
github.com/th3g3ntl3m3n/emplyee_db/cmd/handler.go:60.2,60.61 1 10
github.com/th3g3ntl3m3n/emplyee_db/cmd/handler.go:60.61,64.3 3 1
github.com/th3g3ntl3m3n/emplyee_db/cmd/handler.go:66.2,70.32 4 9
github.com/th3g3ntl3m3n/emplyee_db/cmd/handler.go:73.74,76.16 3 4
github.com/th3g3ntl3m3n/emplyee_db/cmd/handler.go:76.16,81.3 3 1
github.com/th3g3ntl3m3n/emplyee_db/cmd/handler.go:83.2,84.36 2 3
github.com/th3g3ntl3m3n/emplyee_db/cmd/handler.go:84.36,89.3 3 1
github.com/th3g3ntl3m3n/emplyee_db/cmd/handler.go:91.2,93.32 3 2
github.com/th3g3ntl3m3n/emplyee_db/cmd/handler.go:96.73,98.61 2 4
github.com/th3g3ntl3m3n/emplyee_db/cmd/handler.go:98.61,103.3 3 1
github.com/th3g3ntl3m3n/emplyee_db/cmd/handler.go:105.2,107.16 3 3
github.com/th3g3ntl3m3n/emplyee_db/cmd/handler.go:107.16,112.3 3 1
github.com/th3g3ntl3m3n/emplyee_db/cmd/handler.go:117.2,117.61 1 2
github.com/th3g3ntl3m3n/emplyee_db/cmd/handler.go:117.61,122.3 3 1
github.com/th3g3ntl3m3n/emplyee_db/cmd/handler.go:124.2,126.36 3 1
github.com/th3g3ntl3m3n/emplyee_db/cmd/handler.go:126.36,131.3 3 0
github.com/th3g3ntl3m3n/emplyee_db/cmd/handler.go:133.2,135.32 3 1
github.com/th3g3ntl3m3n/emplyee_db/cmd/handler.go:138.73,141.16 3 3
github.com/th3g3ntl3m3n/emplyee_db/cmd/handler.go:141.16,146.3 3 1
github.com/th3g3ntl3m3n/emplyee_db/cmd/handler.go:148.2,149.36 2 2
github.com/th3g3ntl3m3n/emplyee_db/cmd/handler.go:149.36,154.3 3 1
github.com/th3g3ntl3m3n/emplyee_db/cmd/handler.go:156.2,156.44 1 1
github.com/th3g3ntl3m3n/emplyee_db/cmd/server.go:9.31,25.2 10 15
github.com/th3g3ntl3m3n/emplyee_db/internal/db/db.go:34.23,36.2 1 15
github.com/th3g3ntl3m3n/emplyee_db/internal/db/db.go:38.66,41.14 2 1
github.com/th3g3ntl3m3n/emplyee_db/internal/db/db.go:41.14,43.3 1 0
github.com/th3g3ntl3m3n/emplyee_db/internal/db/db.go:45.2,46.15 2 1
github.com/th3g3ntl3m3n/emplyee_db/internal/db/db.go:46.15,48.3 1 1
github.com/th3g3ntl3m3n/emplyee_db/internal/db/db.go:50.2,50.41 1 1
github.com/th3g3ntl3m3n/emplyee_db/internal/db/db.go:53.67,55.36 1 3
github.com/th3g3ntl3m3n/emplyee_db/internal/db/db.go:55.36,56.27 1 2
github.com/th3g3ntl3m3n/emplyee_db/internal/db/db.go:56.27,58.4 1 2
github.com/th3g3ntl3m3n/emplyee_db/internal/db/db.go:61.2,61.32 1 1
github.com/th3g3ntl3m3n/emplyee_db/internal/db/db.go:64.66,66.31 1 1
github.com/th3g3ntl3m3n/emplyee_db/internal/db/db.go:66.31,68.28 2 1
github.com/th3g3ntl3m3n/emplyee_db/internal/db/db.go:68.28,75.4 5 1
github.com/th3g3ntl3m3n/emplyee_db/internal/db/db.go:78.2,78.32 1 0
github.com/th3g3ntl3m3n/emplyee_db/internal/db/db.go:80.54,82.42 1 2
github.com/th3g3ntl3m3n/emplyee_db/internal/db/db.go:82.42,83.42 1 2
github.com/th3g3ntl3m3n/emplyee_db/internal/db/db.go:83.42,87.4 2 1
github.com/th3g3ntl3m3n/emplyee_db/internal/db/db.go:90.2,90.20 1 1
github.com/th3g3ntl3m3n/emplyee_db/internal/db/db.go:92.66,98.2 4 9
github.com/th3g3ntl3m3n/emplyee_db/internal/db/mock_db.go:15.27,17.2 1 0
